{
  "stats": {
    "suites": 3,
    "tests": 6,
    "passes": 0,
    "pending": 0,
    "failures": 6,
    "start": "2021-01-26T21:38:04.191Z",
    "end": "2021-01-26T21:38:08.506Z",
    "duration": 4315,
    "testsRegistered": 6,
    "passPercent": 0,
    "pendingPercent": 0,
    "other": 0,
    "hasOther": false,
    "skipped": 0,
    "hasSkipped": false
  },
  "results": [
    {
      "uuid": "39d8a417-d5e3-4904-a3cb-be7e51540b90",
      "title": "",
      "fullFile": "cypress/integration/explore_by_ingredient_spec.js",
      "file": "cypress/integration/explore_by_ingredient_spec.js",
      "beforeHooks": [],
      "afterHooks": [],
      "tests": [],
      "suites": [
        {
          "uuid": "60919d0a-8313-41d1-a54b-99e1296cc7ea",
          "title": "75 - Implemente os elementos da tela de explorar ingredientes respeitando os atributos descritos no protótipo",
          "fullFile": "",
          "file": "",
          "beforeHooks": [],
          "afterHooks": [],
          "tests": [
            {
              "title": "Tem os data-testids corretos para a tela de explorar comidas por ingredientes",
              "fullTitle": "75 - Implemente os elementos da tela de explorar ingredientes respeitando os atributos descritos no protótipo Tem os data-testids corretos para a tela de explorar comidas por ingredientes",
              "timedOut": null,
              "duration": 746,
              "state": "failed",
              "speed": null,
              "pass": false,
              "fail": true,
              "pending": false,
              "context": null,
              "code": "cy.visit('http://localhost:3000/explorar/comidas/ingredientes');\nfor (var index = 0; index < 12; index += 1) {\n  cy.get(\"[data-testid=\\\"\".concat(index, \"-ingredient-card\\\"]\"));\n  cy.get(\"[data-testid=\\\"\".concat(index, \"-card-img\\\"]\"));\n  cy.get(\"[data-testid=\\\"\".concat(index, \"-card-name\\\"]\"));\n}\ncy.get('[data-testid=\"12-card\"]').should('not.exist');\ncy.get('[data-testid=\"12-card-img\"]').should('not.exist');\ncy.get('[data-testid=\"12-card-name\"]').should('not.exist');",
              "err": {
                "message": "CypressError: cy.visit() failed trying to load:\n\nhttp://localhost:3000/explorar/comidas/ingredientes\n\nWe attempted to make an http request to this URL but the request failed without a response.\n\nWe received this error at the network level:\n\n  > Error: connect ECONNREFUSED 127.0.0.1:3000\n\nCommon situations why this would fail:\n  - you don't have internet access\n  - you forgot to run / boot your web server\n  - your web server isn't accessible\n  - you have weird network configuration settings on your computer\n\nThe stack trace for this error is:\n\nError: connect ECONNREFUSED 127.0.0.1:3000\n    at TCPConnectWrap.afterConnect [as oncomplete] (net.js:1056:14)\n",
                "estack": "CypressError: cy.visit() failed trying to load:\n\nhttp://localhost:3000/explorar/comidas/ingredientes\n\nWe attempted to make an http request to this URL but the request failed without a response.\n\nWe received this error at the network level:\n\n  > Error: connect ECONNREFUSED 127.0.0.1:3000\n\nCommon situations why this would fail:\n  - you don't have internet access\n  - you forgot to run / boot your web server\n  - your web server isn't accessible\n  - you have weird network configuration settings on your computer\n\nThe stack trace for this error is:\n\nError: connect ECONNREFUSED 127.0.0.1:3000\n    at TCPConnectWrap.afterConnect [as oncomplete] (net.js:1056:14)\n\n    at Object.cypressErr (http://localhost:43843/__cypress/runner/cypress_runner.js:86207:11)\n    at Object.throwErr (http://localhost:43843/__cypress/runner/cypress_runner.js:86162:18)\n    at Object.throwErrByPath (http://localhost:43843/__cypress/runner/cypress_runner.js:86194:17)\n    at http://localhost:43843/__cypress/runner/cypress_runner.js:71500:31\n    at visitFailedByErr (http://localhost:43843/__cypress/runner/cypress_runner.js:71006:12)\n    at http://localhost:43843/__cypress/runner/cypress_runner.js:71499:22\n    at tryCatcher (http://localhost:43843/__cypress/runner/cypress_runner.js:120203:23)\n    at Promise._settlePromiseFromHandler (http://localhost:43843/__cypress/runner/cypress_runner.js:118139:31)\n    at Promise._settlePromise (http://localhost:43843/__cypress/runner/cypress_runner.js:118196:18)\n    at Promise._settlePromise0 (http://localhost:43843/__cypress/runner/cypress_runner.js:118241:10)\n    at Promise._settlePromises (http://localhost:43843/__cypress/runner/cypress_runner.js:118316:18)\n    at Async../node_modules/bluebird/js/release/async.js.Async._drainQueue (http://localhost:43843/__cypress/runner/cypress_runner.js:114928:16)\n    at Async../node_modules/bluebird/js/release/async.js.Async._drainQueues (http://localhost:43843/__cypress/runner/cypress_runner.js:114938:10)\n    at Async.drainQueues (http://localhost:43843/__cypress/runner/cypress_runner.js:114812:14)",
                "diff": null
              },
              "uuid": "44d5f7dc-742f-47aa-b32e-c24ef2553ec9",
              "parentUUID": "60919d0a-8313-41d1-a54b-99e1296cc7ea",
              "isHook": false,
              "skipped": false
            },
            {
              "title": "Tem os data-testids corretos para a tela de explorar bebidas por ingredientes",
              "fullTitle": "75 - Implemente os elementos da tela de explorar ingredientes respeitando os atributos descritos no protótipo Tem os data-testids corretos para a tela de explorar bebidas por ingredientes",
              "timedOut": null,
              "duration": 700,
              "state": "failed",
              "speed": null,
              "pass": false,
              "fail": true,
              "pending": false,
              "context": null,
              "code": "cy.visit('http://localhost:3000/explorar/bebidas/ingredientes');\nfor (var index = 0; index < 12; index += 1) {\n  cy.get(\"[data-testid=\\\"\".concat(index, \"-ingredient-card\\\"]\"));\n  cy.get(\"[data-testid=\\\"\".concat(index, \"-card-img\\\"]\"));\n  cy.get(\"[data-testid=\\\"\".concat(index, \"-card-name\\\"]\"));\n}\ncy.get('[data-testid=\"12-recipe-card\"]').should('not.exist');\ncy.get('[data-testid=\"12-card-img\"]').should('not.exist');\ncy.get('[data-testid=\"12-card-name\"]').should('not.exist');",
              "err": {
                "message": "CypressError: cy.visit() failed trying to load:\n\nhttp://localhost:3000/explorar/bebidas/ingredientes\n\nWe attempted to make an http request to this URL but the request failed without a response.\n\nWe received this error at the network level:\n\n  > Error: connect ECONNREFUSED 127.0.0.1:3000\n\nCommon situations why this would fail:\n  - you don't have internet access\n  - you forgot to run / boot your web server\n  - your web server isn't accessible\n  - you have weird network configuration settings on your computer\n\nThe stack trace for this error is:\n\nError: connect ECONNREFUSED 127.0.0.1:3000\n    at TCPConnectWrap.afterConnect [as oncomplete] (net.js:1056:14)\n",
                "estack": "CypressError: cy.visit() failed trying to load:\n\nhttp://localhost:3000/explorar/bebidas/ingredientes\n\nWe attempted to make an http request to this URL but the request failed without a response.\n\nWe received this error at the network level:\n\n  > Error: connect ECONNREFUSED 127.0.0.1:3000\n\nCommon situations why this would fail:\n  - you don't have internet access\n  - you forgot to run / boot your web server\n  - your web server isn't accessible\n  - you have weird network configuration settings on your computer\n\nThe stack trace for this error is:\n\nError: connect ECONNREFUSED 127.0.0.1:3000\n    at TCPConnectWrap.afterConnect [as oncomplete] (net.js:1056:14)\n\n    at Object.cypressErr (http://localhost:43843/__cypress/runner/cypress_runner.js:86207:11)\n    at Object.throwErr (http://localhost:43843/__cypress/runner/cypress_runner.js:86162:18)\n    at Object.throwErrByPath (http://localhost:43843/__cypress/runner/cypress_runner.js:86194:17)\n    at http://localhost:43843/__cypress/runner/cypress_runner.js:71500:31\n    at visitFailedByErr (http://localhost:43843/__cypress/runner/cypress_runner.js:71006:12)\n    at http://localhost:43843/__cypress/runner/cypress_runner.js:71499:22\n    at tryCatcher (http://localhost:43843/__cypress/runner/cypress_runner.js:120203:23)\n    at Promise._settlePromiseFromHandler (http://localhost:43843/__cypress/runner/cypress_runner.js:118139:31)\n    at Promise._settlePromise (http://localhost:43843/__cypress/runner/cypress_runner.js:118196:18)\n    at Promise._settlePromise0 (http://localhost:43843/__cypress/runner/cypress_runner.js:118241:10)\n    at Promise._settlePromises (http://localhost:43843/__cypress/runner/cypress_runner.js:118316:18)\n    at Async../node_modules/bluebird/js/release/async.js.Async._drainQueue (http://localhost:43843/__cypress/runner/cypress_runner.js:114928:16)\n    at Async../node_modules/bluebird/js/release/async.js.Async._drainQueues (http://localhost:43843/__cypress/runner/cypress_runner.js:114938:10)\n    at Async.drainQueues (http://localhost:43843/__cypress/runner/cypress_runner.js:114812:14)",
                "diff": null
              },
              "uuid": "65519bc9-0d95-4a9f-9f1a-361e0ac67303",
              "parentUUID": "60919d0a-8313-41d1-a54b-99e1296cc7ea",
              "isHook": false,
              "skipped": false
            }
          ],
          "suites": [],
          "passes": [],
          "failures": [
            "44d5f7dc-742f-47aa-b32e-c24ef2553ec9",
            "65519bc9-0d95-4a9f-9f1a-361e0ac67303"
          ],
          "pending": [],
          "skipped": [],
          "duration": 1446,
          "root": false,
          "rootEmpty": false,
          "_timeout": 2000
        },
        {
          "uuid": "8d54daa4-b47e-4241-aae6-68f3139e29b6",
          "title": "76 - Desenvolva cards para os 12 primeiros ingredientes, de forma que cada card contenha o nome do ingrediente e uma foto",
          "fullFile": "",
          "file": "",
          "beforeHooks": [],
          "afterHooks": [],
          "tests": [
            {
              "title": "Tem o nome e a foto corretos para a tela de explorar comidas por ingredientes",
              "fullTitle": "76 - Desenvolva cards para os 12 primeiros ingredientes, de forma que cada card contenha o nome do ingrediente e uma foto Tem o nome e a foto corretos para a tela de explorar comidas por ingredientes",
              "timedOut": null,
              "duration": 743,
              "state": "failed",
              "speed": null,
              "pass": false,
              "fail": true,
              "pending": false,
              "context": null,
              "code": "cy.visit('http://localhost:3000/explorar/comidas/ingredientes', {\n  onBeforeLoad: function onBeforeLoad(win) {\n    win.fetch = fetchMock;\n  }\n});\nmealIngredientsMock.meals.slice(0, 12).forEach(function (_ref, index) {\n  var ingredient = _ref.strIngredient;\n  cy.get(\"[data-testid=\\\"\".concat(index, \"-card-img\\\"]\")).should('have.attr', 'src').should('include', \"https://www.themealdb.com/images/ingredients/\".concat(ingredient, \"-Small.png\"));\n  cy.get(\"[data-testid=\\\"\".concat(index, \"-card-name\\\"]\")).contains(ingredient);\n});\ncy.get('[data-testid=\"12-card\"]').should('not.exist');\ncy.get('[data-testid=\"12-card-img\"]').should('not.exist');\ncy.get('[data-testid=\"12-card-name\"]').should('not.exist');",
              "err": {
                "message": "CypressError: cy.visit() failed trying to load:\n\nhttp://localhost:3000/explorar/comidas/ingredientes\n\nWe attempted to make an http request to this URL but the request failed without a response.\n\nWe received this error at the network level:\n\n  > Error: connect ECONNREFUSED 127.0.0.1:3000\n\nCommon situations why this would fail:\n  - you don't have internet access\n  - you forgot to run / boot your web server\n  - your web server isn't accessible\n  - you have weird network configuration settings on your computer\n\nThe stack trace for this error is:\n\nError: connect ECONNREFUSED 127.0.0.1:3000\n    at TCPConnectWrap.afterConnect [as oncomplete] (net.js:1056:14)\n",
                "estack": "CypressError: cy.visit() failed trying to load:\n\nhttp://localhost:3000/explorar/comidas/ingredientes\n\nWe attempted to make an http request to this URL but the request failed without a response.\n\nWe received this error at the network level:\n\n  > Error: connect ECONNREFUSED 127.0.0.1:3000\n\nCommon situations why this would fail:\n  - you don't have internet access\n  - you forgot to run / boot your web server\n  - your web server isn't accessible\n  - you have weird network configuration settings on your computer\n\nThe stack trace for this error is:\n\nError: connect ECONNREFUSED 127.0.0.1:3000\n    at TCPConnectWrap.afterConnect [as oncomplete] (net.js:1056:14)\n\n    at Object.cypressErr (http://localhost:43843/__cypress/runner/cypress_runner.js:86207:11)\n    at Object.throwErr (http://localhost:43843/__cypress/runner/cypress_runner.js:86162:18)\n    at Object.throwErrByPath (http://localhost:43843/__cypress/runner/cypress_runner.js:86194:17)\n    at http://localhost:43843/__cypress/runner/cypress_runner.js:71500:31\n    at visitFailedByErr (http://localhost:43843/__cypress/runner/cypress_runner.js:71006:12)\n    at http://localhost:43843/__cypress/runner/cypress_runner.js:71499:22\n    at tryCatcher (http://localhost:43843/__cypress/runner/cypress_runner.js:120203:23)\n    at Promise._settlePromiseFromHandler (http://localhost:43843/__cypress/runner/cypress_runner.js:118139:31)\n    at Promise._settlePromise (http://localhost:43843/__cypress/runner/cypress_runner.js:118196:18)\n    at Promise._settlePromise0 (http://localhost:43843/__cypress/runner/cypress_runner.js:118241:10)\n    at Promise._settlePromises (http://localhost:43843/__cypress/runner/cypress_runner.js:118316:18)\n    at Async../node_modules/bluebird/js/release/async.js.Async._drainQueue (http://localhost:43843/__cypress/runner/cypress_runner.js:114928:16)\n    at Async../node_modules/bluebird/js/release/async.js.Async._drainQueues (http://localhost:43843/__cypress/runner/cypress_runner.js:114938:10)\n    at Async.drainQueues (http://localhost:43843/__cypress/runner/cypress_runner.js:114812:14)",
                "diff": null
              },
              "uuid": "957d0ef6-0113-41bb-b4c6-1da9596f9632",
              "parentUUID": "8d54daa4-b47e-4241-aae6-68f3139e29b6",
              "isHook": false,
              "skipped": false
            },
            {
              "title": "Tem o nome e a foto corretos para a tela de explorar bebidas por ingredientes",
              "fullTitle": "76 - Desenvolva cards para os 12 primeiros ingredientes, de forma que cada card contenha o nome do ingrediente e uma foto Tem o nome e a foto corretos para a tela de explorar bebidas por ingredientes",
              "timedOut": null,
              "duration": 674,
              "state": "failed",
              "speed": null,
              "pass": false,
              "fail": true,
              "pending": false,
              "context": null,
              "code": "cy.visit('http://localhost:3000/explorar/bebidas/ingredientes', {\n  onBeforeLoad: function onBeforeLoad(win) {\n    win.fetch = fetchMock;\n  }\n});\ndrinkIngredientsMock.drinks.slice(0, 12).forEach(function (_ref2, index) {\n  var ingredient = _ref2.strIngredient1;\n  cy.get(\"[data-testid=\\\"\".concat(index, \"-card-img\\\"]\")).should('have.attr', 'src').should('include', \"https://www.thecocktaildb.com/images/ingredients/\".concat(ingredient, \"-Small.png\"));\n  cy.get(\"[data-testid=\\\"\".concat(index, \"-card-name\\\"]\")).contains(ingredient);\n});\ncy.get('[data-testid=\"12-recipe-card\"]').should('not.exist');\ncy.get('[data-testid=\"12-card-img\"]').should('not.exist');\ncy.get('[data-testid=\"12-card-name\"]').should('not.exist');",
              "err": {
                "message": "CypressError: cy.visit() failed trying to load:\n\nhttp://localhost:3000/explorar/bebidas/ingredientes\n\nWe attempted to make an http request to this URL but the request failed without a response.\n\nWe received this error at the network level:\n\n  > Error: connect ECONNREFUSED 127.0.0.1:3000\n\nCommon situations why this would fail:\n  - you don't have internet access\n  - you forgot to run / boot your web server\n  - your web server isn't accessible\n  - you have weird network configuration settings on your computer\n\nThe stack trace for this error is:\n\nError: connect ECONNREFUSED 127.0.0.1:3000\n    at TCPConnectWrap.afterConnect [as oncomplete] (net.js:1056:14)\n",
                "estack": "CypressError: cy.visit() failed trying to load:\n\nhttp://localhost:3000/explorar/bebidas/ingredientes\n\nWe attempted to make an http request to this URL but the request failed without a response.\n\nWe received this error at the network level:\n\n  > Error: connect ECONNREFUSED 127.0.0.1:3000\n\nCommon situations why this would fail:\n  - you don't have internet access\n  - you forgot to run / boot your web server\n  - your web server isn't accessible\n  - you have weird network configuration settings on your computer\n\nThe stack trace for this error is:\n\nError: connect ECONNREFUSED 127.0.0.1:3000\n    at TCPConnectWrap.afterConnect [as oncomplete] (net.js:1056:14)\n\n    at Object.cypressErr (http://localhost:43843/__cypress/runner/cypress_runner.js:86207:11)\n    at Object.throwErr (http://localhost:43843/__cypress/runner/cypress_runner.js:86162:18)\n    at Object.throwErrByPath (http://localhost:43843/__cypress/runner/cypress_runner.js:86194:17)\n    at http://localhost:43843/__cypress/runner/cypress_runner.js:71500:31\n    at visitFailedByErr (http://localhost:43843/__cypress/runner/cypress_runner.js:71006:12)\n    at http://localhost:43843/__cypress/runner/cypress_runner.js:71499:22\n    at tryCatcher (http://localhost:43843/__cypress/runner/cypress_runner.js:120203:23)\n    at Promise._settlePromiseFromHandler (http://localhost:43843/__cypress/runner/cypress_runner.js:118139:31)\n    at Promise._settlePromise (http://localhost:43843/__cypress/runner/cypress_runner.js:118196:18)\n    at Promise._settlePromise0 (http://localhost:43843/__cypress/runner/cypress_runner.js:118241:10)\n    at Promise._settlePromises (http://localhost:43843/__cypress/runner/cypress_runner.js:118316:18)\n    at Async../node_modules/bluebird/js/release/async.js.Async._drainQueue (http://localhost:43843/__cypress/runner/cypress_runner.js:114928:16)\n    at Async../node_modules/bluebird/js/release/async.js.Async._drainQueues (http://localhost:43843/__cypress/runner/cypress_runner.js:114938:10)\n    at Async.drainQueues (http://localhost:43843/__cypress/runner/cypress_runner.js:114812:14)",
                "diff": null
              },
              "uuid": "c40cceeb-079b-4bf4-9f5c-29e139cdd07e",
              "parentUUID": "8d54daa4-b47e-4241-aae6-68f3139e29b6",
              "isHook": false,
              "skipped": false
            }
          ],
          "suites": [],
          "passes": [],
          "failures": [
            "957d0ef6-0113-41bb-b4c6-1da9596f9632",
            "c40cceeb-079b-4bf4-9f5c-29e139cdd07e"
          ],
          "pending": [],
          "skipped": [],
          "duration": 1417,
          "root": false,
          "rootEmpty": false,
          "_timeout": 2000
        },
        {
          "uuid": "8a12c98a-3a02-4094-b06a-488bab3e5674",
          "title": "77 -  Redireciona a pessoa usuária ao clicar no card do ingrediente, a rota deve mudar para tela principal de receitas mas mostrando apenas as receitas que contém o ingrediente escolhido",
          "fullFile": "",
          "file": "",
          "beforeHooks": [],
          "afterHooks": [],
          "tests": [
            {
              "title": "Ao clicar no card do ingrediente da tela de explorar comidas por ingrediente a rota muda para a tela principal de receitas filtrada pelo ingrediente",
              "fullTitle": "77 -  Redireciona a pessoa usuária ao clicar no card do ingrediente, a rota deve mudar para tela principal de receitas mas mostrando apenas as receitas que contém o ingrediente escolhido Ao clicar no card do ingrediente da tela de explorar comidas por ingrediente a rota muda para a tela principal de receitas filtrada pelo ingrediente",
              "timedOut": null,
              "duration": 714,
              "state": "failed",
              "speed": null,
              "pass": false,
              "fail": true,
              "pending": false,
              "context": null,
              "code": "cy.visit('http://localhost:3000/explorar/comidas/ingredientes', {\n  onBeforeLoad: function onBeforeLoad(win) {\n    win.fetch = fetchMock;\n  }\n});\ncy.get('[data-testid=\"0-ingredient-card\"]').click();\nmealsByIngredientMock.meals.slice(0, 12).forEach(function (meal, index) {\n  cy.get(\"[data-testid=\\\"\".concat(index, \"-recipe-card\\\"]\"));\n  cy.get(\"[data-testid=\\\"\".concat(index, \"-card-img\\\"]\")).should('have.attr', 'src').should('include', meal['strMealThumb']);\n  cy.get(\"[data-testid=\\\"\".concat(index, \"-card-name\\\"]\")).contains(meal['strMeal']);\n});\ncy.get('[data-testid=\"12-recipe-card\"]').should('not.exist');\ncy.get('[data-testid=\"12-card-img\"]').should('not.exist');\ncy.get('[data-testid=\"12-card-name\"]').should('not.exist');",
              "err": {
                "message": "CypressError: cy.visit() failed trying to load:\n\nhttp://localhost:3000/explorar/comidas/ingredientes\n\nWe attempted to make an http request to this URL but the request failed without a response.\n\nWe received this error at the network level:\n\n  > Error: connect ECONNREFUSED 127.0.0.1:3000\n\nCommon situations why this would fail:\n  - you don't have internet access\n  - you forgot to run / boot your web server\n  - your web server isn't accessible\n  - you have weird network configuration settings on your computer\n\nThe stack trace for this error is:\n\nError: connect ECONNREFUSED 127.0.0.1:3000\n    at TCPConnectWrap.afterConnect [as oncomplete] (net.js:1056:14)\n",
                "estack": "CypressError: cy.visit() failed trying to load:\n\nhttp://localhost:3000/explorar/comidas/ingredientes\n\nWe attempted to make an http request to this URL but the request failed without a response.\n\nWe received this error at the network level:\n\n  > Error: connect ECONNREFUSED 127.0.0.1:3000\n\nCommon situations why this would fail:\n  - you don't have internet access\n  - you forgot to run / boot your web server\n  - your web server isn't accessible\n  - you have weird network configuration settings on your computer\n\nThe stack trace for this error is:\n\nError: connect ECONNREFUSED 127.0.0.1:3000\n    at TCPConnectWrap.afterConnect [as oncomplete] (net.js:1056:14)\n\n    at Object.cypressErr (http://localhost:43843/__cypress/runner/cypress_runner.js:86207:11)\n    at Object.throwErr (http://localhost:43843/__cypress/runner/cypress_runner.js:86162:18)\n    at Object.throwErrByPath (http://localhost:43843/__cypress/runner/cypress_runner.js:86194:17)\n    at http://localhost:43843/__cypress/runner/cypress_runner.js:71500:31\n    at visitFailedByErr (http://localhost:43843/__cypress/runner/cypress_runner.js:71006:12)\n    at http://localhost:43843/__cypress/runner/cypress_runner.js:71499:22\n    at tryCatcher (http://localhost:43843/__cypress/runner/cypress_runner.js:120203:23)\n    at Promise._settlePromiseFromHandler (http://localhost:43843/__cypress/runner/cypress_runner.js:118139:31)\n    at Promise._settlePromise (http://localhost:43843/__cypress/runner/cypress_runner.js:118196:18)\n    at Promise._settlePromise0 (http://localhost:43843/__cypress/runner/cypress_runner.js:118241:10)\n    at Promise._settlePromises (http://localhost:43843/__cypress/runner/cypress_runner.js:118316:18)\n    at Async../node_modules/bluebird/js/release/async.js.Async._drainQueue (http://localhost:43843/__cypress/runner/cypress_runner.js:114928:16)\n    at Async../node_modules/bluebird/js/release/async.js.Async._drainQueues (http://localhost:43843/__cypress/runner/cypress_runner.js:114938:10)\n    at Async.drainQueues (http://localhost:43843/__cypress/runner/cypress_runner.js:114812:14)",
                "diff": null
              },
              "uuid": "87ba8f2a-732e-4f2d-97d6-9f2139cb955f",
              "parentUUID": "8a12c98a-3a02-4094-b06a-488bab3e5674",
              "isHook": false,
              "skipped": false
            },
            {
              "title": "Ao clicar no card do ingrediente da tela de explorar bebidas por ingrediente a rota muda para a tela principal de receitas filtrada pelo ingrediente",
              "fullTitle": "77 -  Redireciona a pessoa usuária ao clicar no card do ingrediente, a rota deve mudar para tela principal de receitas mas mostrando apenas as receitas que contém o ingrediente escolhido Ao clicar no card do ingrediente da tela de explorar bebidas por ingrediente a rota muda para a tela principal de receitas filtrada pelo ingrediente",
              "timedOut": null,
              "duration": 689,
              "state": "failed",
              "speed": null,
              "pass": false,
              "fail": true,
              "pending": false,
              "context": null,
              "code": "cy.visit('http://localhost:3000/explorar/bebidas/ingredientes', {\n  onBeforeLoad: function onBeforeLoad(win) {\n    win.fetch = fetchMock;\n  }\n});\ncy.get('[data-testid=\"0-ingredient-card\"]').click();\ndrinksByIngredientMock.drinks.slice(0, 12).forEach(function (drink, index) {\n  cy.get(\"[data-testid=\\\"\".concat(index, \"-recipe-card\\\"]\"));\n  cy.get(\"[data-testid=\\\"\".concat(index, \"-card-img\\\"]\")).should('have.attr', 'src').should('include', drink['strDrinkThumb']);\n  cy.get(\"[data-testid=\\\"\".concat(index, \"-card-name\\\"]\")).contains(drink['strDrink']);\n});\ncy.get('[data-testid=\"12-recipe-card\"]').should('not.exist');\ncy.get('[data-testid=\"12-card-img\"]').should('not.exist');\ncy.get('[data-testid=\"12-card-name\"]').should('not.exist');",
              "err": {
                "message": "CypressError: cy.visit() failed trying to load:\n\nhttp://localhost:3000/explorar/bebidas/ingredientes\n\nWe attempted to make an http request to this URL but the request failed without a response.\n\nWe received this error at the network level:\n\n  > Error: connect ECONNREFUSED 127.0.0.1:3000\n\nCommon situations why this would fail:\n  - you don't have internet access\n  - you forgot to run / boot your web server\n  - your web server isn't accessible\n  - you have weird network configuration settings on your computer\n\nThe stack trace for this error is:\n\nError: connect ECONNREFUSED 127.0.0.1:3000\n    at TCPConnectWrap.afterConnect [as oncomplete] (net.js:1056:14)\n",
                "estack": "CypressError: cy.visit() failed trying to load:\n\nhttp://localhost:3000/explorar/bebidas/ingredientes\n\nWe attempted to make an http request to this URL but the request failed without a response.\n\nWe received this error at the network level:\n\n  > Error: connect ECONNREFUSED 127.0.0.1:3000\n\nCommon situations why this would fail:\n  - you don't have internet access\n  - you forgot to run / boot your web server\n  - your web server isn't accessible\n  - you have weird network configuration settings on your computer\n\nThe stack trace for this error is:\n\nError: connect ECONNREFUSED 127.0.0.1:3000\n    at TCPConnectWrap.afterConnect [as oncomplete] (net.js:1056:14)\n\n    at Object.cypressErr (http://localhost:43843/__cypress/runner/cypress_runner.js:86207:11)\n    at Object.throwErr (http://localhost:43843/__cypress/runner/cypress_runner.js:86162:18)\n    at Object.throwErrByPath (http://localhost:43843/__cypress/runner/cypress_runner.js:86194:17)\n    at http://localhost:43843/__cypress/runner/cypress_runner.js:71500:31\n    at visitFailedByErr (http://localhost:43843/__cypress/runner/cypress_runner.js:71006:12)\n    at http://localhost:43843/__cypress/runner/cypress_runner.js:71499:22\n    at tryCatcher (http://localhost:43843/__cypress/runner/cypress_runner.js:120203:23)\n    at Promise._settlePromiseFromHandler (http://localhost:43843/__cypress/runner/cypress_runner.js:118139:31)\n    at Promise._settlePromise (http://localhost:43843/__cypress/runner/cypress_runner.js:118196:18)\n    at Promise._settlePromise0 (http://localhost:43843/__cypress/runner/cypress_runner.js:118241:10)\n    at Promise._settlePromises (http://localhost:43843/__cypress/runner/cypress_runner.js:118316:18)\n    at Async../node_modules/bluebird/js/release/async.js.Async._drainQueue (http://localhost:43843/__cypress/runner/cypress_runner.js:114928:16)\n    at Async../node_modules/bluebird/js/release/async.js.Async._drainQueues (http://localhost:43843/__cypress/runner/cypress_runner.js:114938:10)\n    at Async.drainQueues (http://localhost:43843/__cypress/runner/cypress_runner.js:114812:14)",
                "diff": null
              },
              "uuid": "ea789a7c-1c7a-463c-931b-e52f39fc5646",
              "parentUUID": "8a12c98a-3a02-4094-b06a-488bab3e5674",
              "isHook": false,
              "skipped": false
            }
          ],
          "suites": [],
          "passes": [],
          "failures": [
            "87ba8f2a-732e-4f2d-97d6-9f2139cb955f",
            "ea789a7c-1c7a-463c-931b-e52f39fc5646"
          ],
          "pending": [],
          "skipped": [],
          "duration": 1403,
          "root": false,
          "rootEmpty": false,
          "_timeout": 2000
        }
      ],
      "passes": [],
      "failures": [],
      "pending": [],
      "skipped": [],
      "duration": 0,
      "root": true,
      "rootEmpty": true,
      "_timeout": 2000
    }
  ],
  "meta": {
    "mocha": {
      "version": "8.2.1"
    },
    "mochawesome": {
      "options": {
        "quiet": false,
        "reportFilename": "mochawesome",
        "saveHtml": false,
        "saveJson": true,
        "consoleReporter": "spec",
        "useInlineDiffs": false,
        "code": true
      },
      "version": "6.2.1"
    },
    "marge": {
      "options": {
        "id": "default",
        "reportDir": "cypress/reports",
        "overwrite": false,
        "html": false,
        "json": true
      },
      "version": "5.1.0"
    }
  }
}